Reading netlist file: "D:\OneDrive\GIt\HardwareDesign\KeyTunePlayer\impl\gwsynthesis\KeyTunePlayer.vg"
Parsing netlist file "D:\OneDrive\GIt\HardwareDesign\KeyTunePlayer\impl\gwsynthesis\KeyTunePlayer.vg" completed
Processing netlist completed
Reading constraint file: "D:\OneDrive\GIt\HardwareDesign\KeyTunePlayer\src\KeyTunePlayer.cst"
Physical Constraint parsed completed
Running placement......
[10%] Placement Phase 0 completed
[20%] Placement Phase 1 completed
[30%] Placement Phase 2 completed
[50%] Placement Phase 3 completed
Running routing......
[60%] Routing Phase 0 completed
[70%] Routing Phase 1 completed
[80%] Routing Phase 2 completed
[90%] Routing Phase 3 completed
Running timing analysis......
[95%] Timing analysis completed
Placement and routing completed
Bitstream generation in progress......
Bitstream generation completed
Running power analysis......
[100%] Power analysis completed
Generate file "D:\OneDrive\GIt\HardwareDesign\KeyTunePlayer\impl\pnr\KeyTunePlayer.power.html" completed
Generate file "D:\OneDrive\GIt\HardwareDesign\KeyTunePlayer\impl\pnr\KeyTunePlayer.pin.html" completed
Generate file "D:\OneDrive\GIt\HardwareDesign\KeyTunePlayer\impl\pnr\KeyTunePlayer.rpt.html" completed
Generate file "D:\OneDrive\GIt\HardwareDesign\KeyTunePlayer\impl\pnr\KeyTunePlayer.rpt.txt" completed
Generate file "D:\OneDrive\GIt\HardwareDesign\KeyTunePlayer\impl\pnr\KeyTunePlayer.tr.html" completed
Thu Jun 13 09:58:22 2024

