GowinSynthesis start
Running parser ...
Analyzing Verilog file 'D:\OneDrive\GIt\HardwareDesign\samples\GwFPGAspi_st7735lcd_v2\src\centerctrl.v'
Analyzing Verilog file 'D:\OneDrive\GIt\HardwareDesign\samples\GwFPGAspi_st7735lcd_v2\src\decoder.v'
Analyzing Verilog file 'D:\OneDrive\GIt\HardwareDesign\samples\GwFPGAspi_st7735lcd_v2\src\gowin_prom\ascii_pROM.v'
Analyzing Verilog file 'D:\OneDrive\GIt\HardwareDesign\samples\GwFPGAspi_st7735lcd_v2\src\gowin_rpll\gowin_rpll.v'
Analyzing Verilog file 'D:\OneDrive\GIt\HardwareDesign\samples\GwFPGAspi_st7735lcd_v2\src\lcd_init.v'
Analyzing Verilog file 'D:\OneDrive\GIt\HardwareDesign\samples\GwFPGAspi_st7735lcd_v2\src\lcd_show_char.v'
Analyzing Verilog file 'D:\OneDrive\GIt\HardwareDesign\samples\GwFPGAspi_st7735lcd_v2\src\lcd_write.v'
Analyzing Verilog file 'D:\OneDrive\GIt\HardwareDesign\samples\GwFPGAspi_st7735lcd_v2\src\led_show_test.v'
Analyzing Verilog file 'D:\OneDrive\GIt\HardwareDesign\samples\GwFPGAspi_st7735lcd_v2\src\speaker_music.v'
Analyzing Verilog file 'D:\OneDrive\GIt\HardwareDesign\samples\GwFPGAspi_st7735lcd_v2\src\spi_st7735lcd.v'
Analyzing Verilog file 'D:\OneDrive\GIt\HardwareDesign\samples\GwFPGAspi_st7735lcd_v2\src\keyboard_mode_show.v'
Compiling module 'spi_st7735lcd'("D:\OneDrive\GIt\HardwareDesign\samples\GwFPGAspi_st7735lcd_v2\src\spi_st7735lcd.v":16)
Compiling module 'Gowin_rPLL'("D:\OneDrive\GIt\HardwareDesign\samples\GwFPGAspi_st7735lcd_v2\src\gowin_rpll\gowin_rpll.v":9)
Compiling module 'lcd_init'("D:\OneDrive\GIt\HardwareDesign\samples\GwFPGAspi_st7735lcd_v2\src\lcd_init.v":7)
Compiling module 'muxcontrol'("D:\OneDrive\GIt\HardwareDesign\samples\GwFPGAspi_st7735lcd_v2\src\centerctrl.v":6)
Compiling module 'lcd_write'("D:\OneDrive\GIt\HardwareDesign\samples\GwFPGAspi_st7735lcd_v2\src\lcd_write.v":7)
Compiling module 'keyboard_mode_show'("D:\OneDrive\GIt\HardwareDesign\samples\GwFPGAspi_st7735lcd_v2\src\keyboard_mode_show.v":20)
WARN  (EX3791) : Expression size 32 truncated to fit in target size 7("D:\OneDrive\GIt\HardwareDesign\samples\GwFPGAspi_st7735lcd_v2\src\keyboard_mode_show.v":130)
WARN  (EX3791) : Expression size 32 truncated to fit in target size 7("D:\OneDrive\GIt\HardwareDesign\samples\GwFPGAspi_st7735lcd_v2\src\keyboard_mode_show.v":132)
WARN  (EX3791) : Expression size 32 truncated to fit in target size 7("D:\OneDrive\GIt\HardwareDesign\samples\GwFPGAspi_st7735lcd_v2\src\keyboard_mode_show.v":134)
WARN  (EX3791) : Expression size 11 truncated to fit in target size 9("D:\OneDrive\GIt\HardwareDesign\samples\GwFPGAspi_st7735lcd_v2\src\keyboard_mode_show.v":145)
WARN  (EX3791) : Expression size 32 truncated to fit in target size 9("D:\OneDrive\GIt\HardwareDesign\samples\GwFPGAspi_st7735lcd_v2\src\keyboard_mode_show.v":157)
Compiling module 'lcd_show_char'("D:\OneDrive\GIt\HardwareDesign\samples\GwFPGAspi_st7735lcd_v2\src\lcd_show_char.v":6)
Compiling module 'ascii_pROM'("D:\OneDrive\GIt\HardwareDesign\samples\GwFPGAspi_st7735lcd_v2\src\gowin_prom\ascii_pROM.v":9)
Compiling module 'decoder'("D:\OneDrive\GIt\HardwareDesign\samples\GwFPGAspi_st7735lcd_v2\src\decoder.v":5)
Compiling module 'speaker_music'("D:\OneDrive\GIt\HardwareDesign\samples\GwFPGAspi_st7735lcd_v2\src\speaker_music.v":5)
Extracting RAM for identifier 'MUSIC'("D:\OneDrive\GIt\HardwareDesign\samples\GwFPGAspi_st7735lcd_v2\src\speaker_music.v":25)
Compiling module 'led_show_test'("D:\OneDrive\GIt\HardwareDesign\samples\GwFPGAspi_st7735lcd_v2\src\led_show_test.v":6)
NOTE  (EX0101) : Current top module is "spi_st7735lcd"
[5%] Running netlist conversion ...
Running device independent optimization ...
[10%] Optimizing Phase 0 completed
[15%] Optimizing Phase 1 completed
[25%] Optimizing Phase 2 completed
Running inference ...
[30%] Inferring Phase 0 completed
[40%] Inferring Phase 1 completed
[50%] Inferring Phase 2 completed
[55%] Inferring Phase 3 completed
Running technical mapping ...
[60%] Tech-Mapping Phase 0 completed
[65%] Tech-Mapping Phase 1 completed
[75%] Tech-Mapping Phase 2 completed
[80%] Tech-Mapping Phase 3 completed
[90%] Tech-Mapping Phase 4 completed
[95%] Generate netlist file "D:\OneDrive\GIt\HardwareDesign\samples\GwFPGAspi_st7735lcd_v2\impl\gwsynthesis\SPIlcd_prj.vg" completed
[100%] Generate report file "D:\OneDrive\GIt\HardwareDesign\samples\GwFPGAspi_st7735lcd_v2\impl\gwsynthesis\SPIlcd_prj_syn.rpt.html" completed
GowinSynthesis finish
